This is pdfeTeXk, Version 3.141592-1.20a-2.2 (Web2C 7.5.3) (format=pdflatex 2005.9.25)  10 MAY 2007 11:45
entering extended mode
 file:line:error style messages enabled.
**svmtalk.tex
(./svmtalk.tex
LaTeX2e <2003/12/01>
Babel <v3.8d> and hyphenation patterns for american, french, german, ngerman, d
utch, italian, norsk, portuges, spanish, swedish, nohyphenation, loaded.
(/usr/local/teTeX/share/texmf.tetex/tex/latex/beamer/beamer.cls
(/usr/local/teTeX/share/texmf.tetex/tex/latex/beamer/beamerbasercs.sty
Package: beamerbasercs 2004/10/07 (rcs-revision 1.3)
)
Document Class: beamer 2004/10/11 cvs version 3.01 A class for typesetting pres
entations (rcs-revision 1.55)
(/usr/local/teTeX/share/texmf.tetex/tex/latex/beamer/beamerbasemodes.sty
Package: beamerbasemodes 2004/10/07 (rcs-revision 1.20)
\beamer@tempbox=\box26
\beamer@tempcount=\count79
\c@beamerpauses=\count80

(/usr/local/teTeX/share/texmf.tetex/tex/latex/beamer/beamerbasedecode.sty
Package: beamerbasedecode 2004/10/07 (rcs-revision 1.16)
\beamer@slideinframe=\count81
\beamer@minimum=\count82
)
\beamer@commentbox=\box27
\beamer@modecount=\count83
)
\headheight=\dimen102
\headdp=\dimen103
\footheight=\dimen104
\sidebarheight=\dimen105
\beamer@tempdim=\dimen106
\beamer@finalheight=\dimen107
\beamer@animht=\dimen108
\beamer@animdp=\dimen109
\beamer@animwd=\dimen110
\beamer@leftmargin=\dimen111
\beamer@rightmargin=\dimen112
\beamer@leftsidebar=\dimen113
\beamer@rightsidebar=\dimen114
\beamer@boxsize=\dimen115
\beamer@vboxoffset=\dimen116
\beamer@descdefault=\dimen117
\beamer@descriptionwidth=\dimen118
\beamer@lastskip=\skip41
\beamer@areabox=\box28
\beamer@animcurrent=\box29
\beamer@animshowbox=\box30
\beamer@sectionbox=\box31
\beamer@logobox=\box32
\beamer@linebox=\box33
\beamer@sectioncount=\count84
\beamer@subsectionmax=\count85
\beamer@sectionmax=\count86
\beamer@totalheads=\count87
\beamer@headcounter=\count88
\beamer@partstartpage=\count89
\beamer@sectionstartpage=\count90
\beamer@subsectionstartpage=\count91
\beamer@animationtempa=\count92
\beamer@animationtempb=\count93
\beamer@xpos=\count94
\beamer@ypos=\count95
\beamer@showpartnumber=\count96
\beamer@currentsubsection=\count97
\beamer@coveringdepth=\count98
\beamer@sectionadjust=\count99
\beamer@tocsectionnumber=\count100

(/usr/local/teTeX/share/texmf.tetex/tex/latex/beamer/beamerbaseoptions.sty
Package: beamerbaseoptions 2004/10/07 (rcs-revision 1.6)

(/usr/local/teTeX/share/texmf.tetex/tex/latex/graphics/keyval.sty
Package: keyval 1999/03/16 v1.13 key=value parser (DPC)
\KV@toks@=\toks14
))
(/usr/local/teTeX/share/texmf.tetex/tex/latex/pgf/pgf.sty
Package: pgf 2004/10/08 ver 0.65
\pgf@objectcount=\count101

(/usr/local/teTeX/share/texmf.tetex/tex/latex/graphics/graphicx.sty
Package: graphicx 1999/02/16 v1.0f Enhanced LaTeX Graphics (DPC,SPQR)

(/usr/local/teTeX/share/texmf.tetex/tex/latex/graphics/graphics.sty
Package: graphics 2001/07/07 v1.0n Standard LaTeX Graphics (DPC,SPQR)

(/usr/local/teTeX/share/texmf.tetex/tex/latex/graphics/trig.sty
Package: trig 1999/03/16 v1.09 sin cos tan (DPC)
)
(/usr/local/teTeX/share/texmf.tetex/tex/latex/graphics/graphics.cfg
File: graphics.cfg 2005/02/03 v1.3 graphics configuration of teTeX/TeXLive
)
Package graphics Info: Driver file: pdftex.def on input line 80.

(/usr/local/teTeX/share/texmf.tetex/tex/latex/graphics/pdftex.def
File: pdftex.def 2002/06/19 v0.03k graphics/color for pdftex
\Gread@gobject=\count102
))
\Gin@req@height=\dimen119
\Gin@req@width=\dimen120
)
(/usr/local/teTeX/share/texmf.tetex/tex/latex/xcolor/xcolor.sty
Package: xcolor 2004/07/04 v2.00 LaTeX color extensions (UK)

(/usr/local/teTeX/share/texmf.tetex/tex/latex/graphics/color.cfg
File: color.cfg 2005/02/03 v1.3 color configuration of teTeX/TeXLive
)
Package xcolor Info: Driver file: pdftex.def on input line 136.
Package xcolor Info: Color model `cmy' added on input line 972.
Package xcolor Info: Color model `hsb' added on input line 980.
Package xcolor Info: Color model `HTML' added on input line 1000.
Package xcolor Info: Color model `HSB' added on input line 1006.
Package xcolor Info: Color model `Gray' added on input line 1012.
)
\pgfex=\dimen121
\pgfem=\dimen122
\pgf@linewidth=\dimen123
\pgfpic=\box34
\pgf@hbox=\box35
\pgf@tempbox=\box36
\pgf@aax=\dimen124
\pgf@aay=\dimen125
\pgf@abx=\dimen126
\pgf@aby=\dimen127
\pgf@bax=\dimen128
\pgf@bay=\dimen129
\pgf@bbx=\dimen130
\pgf@bby=\dimen131
\pgf@tempdim=\dimen132
\pgf@x=\dimen133
\pgf@y=\dimen134
\pgf@xa=\dimen135
\pgf@ya=\dimen136
\pgf@xb=\dimen137
\pgf@yb=\dimen138
\pgf@xc=\dimen139
\pgf@yc=\dimen140
\pgfobjectbox=\box37
\pgf@xx=\dimen141
\pgf@xy=\dimen142
\pgf@yx=\dimen143
\pgf@yy=\dimen144
\pgf@zx=\dimen145
\pgf@zy=\dimen146
\pgf@counta=\count103
\pgf@countb=\count104
)
(/usr/local/teTeX/share/texmf.tetex/tex/latex/pgf/xxcolor.sty
Package: xxcolor 2003/10/24 ver 0.1
\XC@nummixins=\count105
\XC@countmixins=\count106
)
(/usr/local/teTeX/share/texmf.tetex/tex/latex/amsfonts/amssymb.sty
Package: amssymb 2002/01/22 v2.2d

(/usr/local/teTeX/share/texmf.tetex/tex/latex/amsfonts/amsfonts.sty
Package: amsfonts 2001/10/25 v2.2f
\@emptytoks=\toks15
\symAMSa=\mathgroup4
\symAMSb=\mathgroup5
LaTeX Font Info:    Overwriting math alphabet `\mathfrak' in version `bold'
(Font)                  U/euf/m/n --> U/euf/b/n on input line 132.
))
(/usr/local/teTeX/share/texmf.tetex/tex/latex/geometry/geometry.sty
Package: geometry 2002/07/08 v3.2 Page Geometry
\Gm@cnth=\count107
\Gm@cntv=\count108
\c@Gm@tempcnt=\count109
\Gm@bindingoffset=\dimen147
\Gm@wd@mp=\dimen148
\Gm@odd@mp=\dimen149
\Gm@even@mp=\dimen150
\Gm@dimlist=\toks16

(/usr/local/teTeX/share/texmf.tetex/tex/latex/geometry/geometry.cfg))
(/usr/local/teTeX/share/texmf.tetex/tex/latex/hyperref/hyperref.sty
Package: hyperref 2003/11/30 v6.74m Hypertext links for LaTeX
\@linkdim=\dimen151
\Hy@linkcounter=\count110
\Hy@pagecounter=\count111

(/usr/local/teTeX/share/texmf.tetex/tex/latex/hyperref/pd1enc.def
File: pd1enc.def 2003/11/30 v6.74m Hyperref: PDFDocEncoding definition (HO)
)
(/usr/local/teTeX/share/texmf.tetex/tex/latex/hyperref/hyperref.cfg
File: hyperref.cfg 2002/06/06 v1.2 hyperref configuration of TeXLive and teTeX
)
Package hyperref Info: Option `bookmarks' set `true' on input line 1830.
Package hyperref Info: Option `bookmarksopen' set `true' on input line 1830.
Package hyperref Info: Option `implicit' set `false' on input line 1830.
Package hyperref Info: Hyper figures OFF on input line 1880.
Package hyperref Info: Link nesting OFF on input line 1885.
Package hyperref Info: Hyper index ON on input line 1888.
Package hyperref Info: Plain pages ON on input line 1893.
Package hyperref Info: Backreferencing OFF on input line 1900.

Implicit mode OFF; no redefinition of LaTeX internals
Package hyperref Info: Bookmarks ON on input line 2004.
(/usr/local/teTeX/share/texmf.tetex/tex/latex/url/url.sty
\Urlmuskip=\muskip10
Package: url 2004/03/15  ver 3.1  Verb mode for urls, etc.
)
LaTeX Info: Redefining \url on input line 2143.
\Fld@menulength=\count112
\Field@Width=\dimen152
\Fld@charsize=\dimen153
\Choice@toks=\toks17
\Field@toks=\toks18
Package hyperref Info: Hyper figures OFF on input line 2618.
Package hyperref Info: Link nesting OFF on input line 2623.
Package hyperref Info: Hyper index ON on input line 2626.
Package hyperref Info: backreferencing OFF on input line 2633.
Package hyperref Info: Link coloring OFF on input line 2638.

Hyperref stopped early
)
*hyperref using default driver hpdftex*
(/usr/local/teTeX/share/texmf.tetex/tex/latex/hyperref/hpdftex.def
File: hpdftex.def 2003/11/30 v6.74m Hyperref driver for pdfTeX

(/usr/local/teTeX/share/texmf.tetex/tex/latex/psnfss/pifont.sty
Package: pifont 2004/09/15 PSNFSS-v9.2 Pi font support (SPQR) 
LaTeX Font Info:    Try loading font information for U+pzd on input line 63.

(/usr/local/teTeX/share/texmf.tetex/tex/latex/psnfss/upzd.fd
File: upzd.fd 2001/06/04 font definitions for U/pzd.
)
LaTeX Font Info:    Try loading font information for U+psy on input line 64.

(/usr/local/teTeX/share/texmf.tetex/tex/latex/psnfss/upsy.fd
File: upsy.fd 2001/06/04 font definitions for U/psy.
))
\Fld@listcount=\count113
\@outlinefile=\write3
)
(/usr/local/teTeX/share/texmf.tetex/tex/latex/base/size11.clo
File: size11.clo 2004/02/16 v1.4f Standard LaTeX file (size option)
)
(/usr/local/teTeX/share/texmf.tetex/tex/latex/beamer/beamerbasecompatibility.st
y
Package: beamerbasecompatibility 2004/11/01 (rcs-revision 1.56)
) (/usr/local/teTeX/share/texmf.tetex/tex/latex/beamer/beamerbasefont.sty
Package: beamerbasefont 2004/10/07 (rcs-revision 1.11)
LaTeX Font Info:    Overwriting symbol font `operators' in version `normal'
(Font)                  OT1/cmr/m/n --> OT1/cmss/m/n on input line 170.
LaTeX Font Info:    Overwriting symbol font `operators' in version `bold'
(Font)                  OT1/cmr/bx/n --> OT1/cmss/bx/n on input line 173.
)
(/usr/local/teTeX/share/texmf.tetex/tex/latex/beamer/beamerbasemisc.sty
Package: beamerbasemisc 2004/10/07 (rcs-revision 1.19)
)
(/usr/local/teTeX/share/texmf.tetex/tex/latex/beamer/beamerbaseoverlay.sty
Package: beamerbaseoverlay 2004/10/26 (rcs-revision 1.47)
\beamer@argscount=\count114
\beamer@lastskipcover=\skip42
\beamer@trivlistdepth=\count115
)
(/usr/local/teTeX/share/texmf.tetex/tex/latex/beamer/beamerbasetitle.sty
Package: beamerbasetitle 2004/11/01 (rcs-revision 1.22)
)
(/usr/local/teTeX/share/texmf.tetex/tex/latex/beamer/beamerbasesection.sty
Package: beamerbasesection 2004/10/14 (rcs-revision 1.15)
\c@lecture=\count116
\c@part=\count117
\c@section=\count118
\c@subsection=\count119
)
(/usr/local/teTeX/share/texmf.tetex/tex/latex/beamer/beamerbaseframe.sty
Package: beamerbaseframe 2004/11/01 (rcs-revision 1.47)
\beamer@framebox=\box38
\beamer@frametitlebox=\box39
\beamer@zoombox=\box40
\beamer@zoomcount=\count120
\beamer@zoomframecount=\count121
\beamer@frametextheight=\dimen154
\c@subsectionslide=\count122
\beamer@frametopskip=\skip43
\beamer@framebottomskip=\skip44
\beamer@frametopskipautobreak=\skip45
\beamer@framebottomskipautobreak=\skip46
\beamer@envbody=\toks19
\c@framenumber=\count123
)
(/usr/local/teTeX/share/texmf.tetex/tex/latex/beamer/beamerbaseverbatim.sty
Package: beamerbaseverbatim 2004/10/13 (rcs-revision 1.2)
\beamer@verbatimfileout=\write4
)
(/usr/local/teTeX/share/texmf.tetex/tex/latex/beamer/beamerbaseframesize.sty
Package: beamerbaseframesize 2004/10/20 (rcs-revision 1.9)
\beamer@splitbox=\box41
\beamer@autobreakcount=\count124
\beamer@frametitletoks=\toks20
\beamer@framesubtitletoks=\toks21
)
(/usr/local/teTeX/share/texmf.tetex/tex/latex/beamer/beamerbaseframecomponents.
sty
Package: beamerbaseframecomponents 2004/11/01 (rcs-revision 1.39)
\beamer@footins=\box42
) (/usr/local/teTeX/share/texmf.tetex/tex/latex/beamer/beamerbasecolor.sty
Package: beamerbasecolor 2004/10/28 (rcs-revision 1.38)
)
(/usr/local/teTeX/share/texmf.tetex/tex/latex/beamer/beamerbasenotes.sty
Package: beamerbasenotes 2004/10/08 (rcs-revision 1.14)
\beamer@frameboxcopy=\box43
)
(/usr/local/teTeX/share/texmf.tetex/tex/latex/beamer/beamerbasetoc.sty
Package: beamerbasetoc 2004/10/07 (rcs-revision 1.19)
)
(/usr/local/teTeX/share/texmf.tetex/tex/latex/beamer/beamerbasetemplates.sty
Package: beamerbasetemplates 2004/10/07 (rcs-revision 1.50)
\beamer@sbttoks=\toks22

(/usr/local/teTeX/share/texmf.tetex/tex/latex/beamer/beamerbaseauxtemplates.sty
Package: beamerbaseauxtemplates 2004/10/28 (rcs-revision 1.21)
(/usr/local/teTeX/share/texmf.tetex/tex/latex/pgf/pgfshade.sty
Package: pgfshade 2004/10/08 ver 0.64
\pgf@max=\dimen155
)
(/usr/local/teTeX/share/texmf.tetex/tex/latex/beamer/beamerbaseboxes.sty
Package: beamerbaseboxes 2004/10/28 (rcs-revision 1.22)
\bmb@box=\box44
\bmb@colorbox=\box45
\bmb@boxshadow=\box46
\bmb@boxshadowball=\box47
\bmb@boxshadowballlarge=\box48
\bmb@temp=\dimen156
\bmb@dima=\dimen157
\bmb@dimb=\dimen158
\bmb@prevheight=\dimen159
)
\beamer@blockheadheight=\dimen160
))
(/usr/local/teTeX/share/texmf.tetex/tex/latex/beamer/beamerbaselocalstructure.s
ty
Package: beamerbaselocalstructure 2004/11/01 (rcs-revision 1.50)
 (/usr/local/teTeX/share/texmf.tetex/tex/latex/tools/enumerate.sty
Package: enumerate 1999/03/05 v3.00 enumerate extensions (DPC)
\@enLab=\toks23
)
\c@figure=\count125
\c@table=\count126
\abovecaptionskip=\skip47
\belowcaptionskip=\skip48
)
(/usr/local/teTeX/share/texmf.tetex/tex/latex/beamer/beamerbasenavigation.sty
Package: beamerbasenavigation 2004/11/01 (rcs-revision 1.30)
)
(/usr/local/teTeX/share/texmf.tetex/tex/latex/beamer/beamerbasetheorems.sty
Package: beamerbasetheorems 2004/10/07 (rcs-revision 1.6)

(/usr/local/teTeX/share/texmf.tetex/tex/latex/amsmath/amsmath.sty
Package: amsmath 2000/07/18 v2.13 AMS math features
\@mathmargin=\skip49

For additional information on amsmath, use the `?' option.
(/usr/local/teTeX/share/texmf.tetex/tex/latex/amsmath/amstext.sty
Package: amstext 2000/06/29 v2.01

(/usr/local/teTeX/share/texmf.tetex/tex/latex/amsmath/amsgen.sty
File: amsgen.sty 1999/11/30 v2.0
\@emptytoks=\toks24
\ex@=\dimen161
))
(/usr/local/teTeX/share/texmf.tetex/tex/latex/amsmath/amsbsy.sty
Package: amsbsy 1999/11/29 v1.2d
\pmbraise@=\dimen162
)
(/usr/local/teTeX/share/texmf.tetex/tex/latex/amsmath/amsopn.sty
Package: amsopn 1999/12/14 v2.01 operator names
)
\inf@bad=\count127
LaTeX Info: Redefining \frac on input line 211.
\uproot@=\count128
\leftroot@=\count129
LaTeX Info: Redefining \overline on input line 307.
\classnum@=\count130
\DOTSCASE@=\count131
LaTeX Info: Redefining \ldots on input line 379.
LaTeX Info: Redefining \dots on input line 382.
LaTeX Info: Redefining \cdots on input line 467.
\Mathstrutbox@=\box49
\strutbox@=\box50
\big@size=\dimen163
LaTeX Font Info:    Redeclaring font encoding OML on input line 567.
LaTeX Font Info:    Redeclaring font encoding OMS on input line 568.
\macc@depth=\count132
\c@MaxMatrixCols=\count133
\dotsspace@=\muskip11
\c@parentequation=\count134
\dspbrk@lvl=\count135
\tag@help=\toks25
\row@=\count136
\column@=\count137
\maxfields@=\count138
\andhelp@=\toks26
\eqnshift@=\dimen164
\alignsep@=\dimen165
\tagshift@=\dimen166
\tagwidth@=\dimen167
\totwidth@=\dimen168
\lineht@=\dimen169
\@envbody=\toks27
\multlinegap=\skip50
\multlinetaggap=\skip51
\mathdisplay@stack=\toks28
LaTeX Info: Redefining \[ on input line 2666.
LaTeX Info: Redefining \] on input line 2667.
)
(/usr/local/teTeX/share/texmf.tetex/tex/latex/amscls/amsthm.sty
Package: amsthm 2004/08/06 v2.20
\thm@style=\toks29
\thm@bodyfont=\toks30
\thm@headfont=\toks31
\thm@notefont=\toks32
\thm@headpunct=\toks33
\thm@preskip=\skip52
\thm@postskip=\skip53
\thm@headsep=\skip54
\dth@everypar=\toks34
)
\c@theorem=\count139
)
(/usr/local/teTeX/share/texmf.tetex/tex/latex/beamer/beamerbasethemes.sty
Package: beamerbasethemes 2004/10/07 (rcs-revision 1.9)
)
(/usr/local/teTeX/share/texmf.tetex/tex/latex/beamer/beamerthemedefault.sty
Package: beamerthemedefault 2004/10/07 (rcs-revision 1.6)

(/usr/local/teTeX/share/texmf.tetex/tex/latex/beamer/beamerfontthemedefault.sty
Package: beamerfontthemedefault 2004/10/07 (rcs-revision 1.10)
)
(/usr/local/teTeX/share/texmf.tetex/tex/latex/beamer/beamercolorthemedefault.st
y
Package: beamercolorthemedefault 2004/10/07 (rcs-revision 1.25)
)
(/usr/local/teTeX/share/texmf.tetex/tex/latex/beamer/beamerinnerthemedefault.st
y
Package: beamerinnerthemedefault 2004/10/28 (rcs-revision 1.16)
\beamer@dima=\dimen170
\beamer@dimb=\dimen171
)
(/usr/local/teTeX/share/texmf.tetex/tex/latex/beamer/beamerouterthemedefault.st
y
Package: beamerouterthemedefault 2004/10/07 (rcs-revision 1.6)
))) (/Users/Charlotte/Library/texmf/tex/beamerthemeZurich.sty
(/Users/Charlotte/Library/texmf/tex/tangocolors.sty)
(/usr/local/teTeX/share/texmf.tetex/tex/latex/beamer/beamerouterthememiniframes
.sty
Package: beamerouterthememiniframes 2004/10/14 (rcs-revision 1.7)
)) (./svmtalk.aux)
\openout1 = `svmtalk.aux'.

LaTeX Font Info:    Checking defaults for OML/cmm/m/it on input line 9.
LaTeX Font Info:    ... okay on input line 9.
LaTeX Font Info:    Checking defaults for T1/cmr/m/n on input line 9.
LaTeX Font Info:    ... okay on input line 9.
LaTeX Font Info:    Checking defaults for OT1/cmr/m/n on input line 9.
LaTeX Font Info:    ... okay on input line 9.
LaTeX Font Info:    Checking defaults for OMS/cmsy/m/n on input line 9.
LaTeX Font Info:    ... okay on input line 9.
LaTeX Font Info:    Checking defaults for OMX/cmex/m/n on input line 9.
LaTeX Font Info:    ... okay on input line 9.
LaTeX Font Info:    Checking defaults for U/cmr/m/n on input line 9.
LaTeX Font Info:    ... okay on input line 9.
LaTeX Font Info:    Checking defaults for PD1/pdf/m/n on input line 9.
LaTeX Font Info:    ... okay on input line 9.

(/usr/local/teTeX/share/texmf.tetex/tex/context/base/supp-pdf.tex
(/usr/local/teTeX/share/texmf.tetex/tex/context/base/supp-mis.tex
loading : Context Support Macros / Miscellaneous (2004.10.26)
\protectiondepth=\count140
\scratchcounter=\count141
\scratchtoks=\toks35
\scratchdimen=\dimen172
\scratchskip=\skip55
\scratchmuskip=\muskip12
\scratchbox=\box51
\scratchread=\read1
\scratchwrite=\write5
\zeropoint=\dimen173
\onepoint=\dimen174
\onebasepoint=\dimen175
\minusone=\count142
\thousandpoint=\dimen176
\onerealpoint=\dimen177
\emptytoks=\toks36
\nextbox=\box52
\nextdepth=\dimen178
\everyline=\toks37
\!!counta=\count143
\!!countb=\count144
\recursecounter=\count145
)
loading : Context Support Macros / PDF (2004.03.26)
\nofMPsegments=\count146
\nofMParguments=\count147
\MPscratchCnt=\count148
\MPscratchDim=\dimen179
\MPnumerator=\count149
\everyMPtoPDFconversion=\toks38
)
-------------------- Geometry parameters
paper: user defined
landscape: --
twocolumn: --
twoside: --
asymmetric: --
h-parts: 28.45274pt, 307.28987pt, 28.45274pt
v-parts: 0.0pt, 273.14662pt, 0.0pt
hmarginratio: --
vmarginratio: --
lines: --
heightrounded: --
bindingoffset: 0.0pt
truedimen: --
includehead: true
includefoot: true
includemp: --
driver: pdftex
-------------------- Page layout dimensions and switches
\paperwidth  364.19536pt
\paperheight 273.14662pt
\textwidth  307.28987pt
\textheight 244.6939pt
\oddsidemargin  -43.81725pt
\evensidemargin -43.81725pt
\topmargin  -72.26999pt
\headheight 14.22636pt
\headsep    0.0pt
\footskip   14.22636pt
\marginparwidth 4.0pt
\marginparsep   10.0pt
\columnsep  10.0pt
\skip\footins  10.0pt plus 4.0pt minus 2.0pt
\hoffset 0.0pt
\voffset 0.0pt
\mag 1000

(1in=72.27pt, 1cm=28.45pt)
-----------------------
Package hyperref Info: Link coloring OFF on input line 9.
 (/usr/local/teTeX/share/texmf.tetex/tex/latex/hyperref/nameref.sty
Package: nameref 2003/12/03 v2.21 Cross-referencing by name of section
\c@section@level=\count150
)
LaTeX Info: Redefining \ref on input line 9.
LaTeX Info: Redefining \pageref on input line 9.

(./svmtalk.out) (./svmtalk.out)
\openout3 = `svmtalk.out'.

\symnumbers=\mathgroup6
\sympureletters=\mathgroup7
LaTeX Font Info:    Overwriting math alphabet `\mathrm' in version `normal'
(Font)                  OT1/cmss/m/n --> OT1/cmr/m/n on input line 9.
LaTeX Font Info:    Redeclaring math alphabet \mathbf on input line 9.
LaTeX Font Info:    Overwriting math alphabet `\mathbf' in version `normal'
(Font)                  OT1/cmr/bx/n --> OT1/cmss/bx/n on input line 9.
LaTeX Font Info:    Overwriting math alphabet `\mathbf' in version `bold'
(Font)                  OT1/cmr/bx/n --> OT1/cmss/bx/n on input line 9.
LaTeX Font Info:    Redeclaring math alphabet \mathsf on input line 9.
LaTeX Font Info:    Overwriting math alphabet `\mathsf' in version `normal'
(Font)                  OT1/cmss/m/n --> OT1/cmss/m/n on input line 9.
LaTeX Font Info:    Overwriting math alphabet `\mathsf' in version `bold'
(Font)                  OT1/cmss/bx/n --> OT1/cmss/m/n on input line 9.
LaTeX Font Info:    Redeclaring math alphabet \mathit on input line 9.
LaTeX Font Info:    Overwriting math alphabet `\mathit' in version `normal'
(Font)                  OT1/cmr/m/it --> OT1/cmss/m/it on input line 9.
LaTeX Font Info:    Overwriting math alphabet `\mathit' in version `bold'
(Font)                  OT1/cmr/bx/it --> OT1/cmss/m/it on input line 9.
LaTeX Font Info:    Redeclaring math alphabet \mathtt on input line 9.
LaTeX Font Info:    Overwriting math alphabet `\mathtt' in version `normal'
(Font)                  OT1/cmtt/m/n --> OT1/cmtt/m/n on input line 9.
LaTeX Font Info:    Overwriting math alphabet `\mathtt' in version `bold'
(Font)                  OT1/cmtt/m/n --> OT1/cmtt/m/n on input line 9.
LaTeX Font Info:    Overwriting symbol font `numbers' in version `bold'
(Font)                  OT1/cmss/m/n --> OT1/cmss/bx/n on input line 9.
LaTeX Font Info:    Overwriting symbol font `pureletters' in version `bold'
(Font)                  OT1/cmss/m/it --> OT1/cmss/bx/it on input line 9.
LaTeX Font Info:    Overwriting math alphabet `\mathrm' in version `bold'
(Font)                  OT1/cmss/bx/n --> OT1/cmr/bx/n on input line 9.
LaTeX Font Info:    Overwriting math alphabet `\mathbf' in version `bold'
(Font)                  OT1/cmss/bx/n --> OT1/cmss/bx/n on input line 9.
LaTeX Font Info:    Overwriting math alphabet `\mathsf' in version `bold'
(Font)                  OT1/cmss/m/n --> OT1/cmss/bx/n on input line 9.
LaTeX Font Info:    Overwriting math alphabet `\mathit' in version `bold'
(Font)                  OT1/cmss/m/it --> OT1/cmss/bx/it on input line 9.
LaTeX Font Info:    Overwriting math alphabet `\mathtt' in version `bold'
(Font)                  OT1/cmtt/m/n --> OT1/cmtt/bx/n on input line 9.
 (./svmtalk.nav)

LaTeX Font Warning: Font shape `OT1/cmss/m/n' in size <4> not available
(Font)              size <5> substituted on input line 11.

[1{/usr/local/teTeX/share/texmf.local/fonts/map/pdftex/updmap/pdftex.map}

]
(./svmtalk.toc) [2

]
LaTeX Font Info:    Try loading font information for U+msa on input line 29.

(/usr/local/teTeX/share/texmf.tetex/tex/latex/amsfonts/umsa.fd
File: umsa.fd 2002/01/19 v2.2g AMS font definitions
)
LaTeX Font Info:    Try loading font information for U+msb on input line 29.

(/usr/local/teTeX/share/texmf.tetex/tex/latex/amsfonts/umsb.fd
File: umsb.fd 2002/01/19 v2.2g AMS font definitions
)

./svmtalk.tex:29: LaTeX Error: There's no line here to end.

See the LaTeX manual or LaTeX Companion for explanation.
Type  H <return>  for immediate help.
 ...                                              
                                                  
l.29 \end{frame}
                
Your command was ignored.
Type  I <command> <return>  to replace it with another command,
or  <return>  to continue without it.

[3

]
LaTeX Font Info:    Try loading font information for OMS+cmss on input line 43.

LaTeX Font Info:    No file OMScmss.fd. on input line 43.


LaTeX Font Warning: Font shape `OMS/cmss/m/n' undefined
(Font)              using `OMS/cmsy/m/n' instead
(Font)              for symbol `textbullet' on input line 43.

[4

]

./svmtalk.tex:59: LaTeX Error: There's no line here to end.

See the LaTeX manual or LaTeX Companion for explanation.
Type  H <return>  for immediate help.
 ...                                              
                                                  
l.59 \end{frame}
                
Your command was ignored.
Type  I <command> <return>  to replace it with another command,
or  <return>  to continue without it.

./svmtalk.tex:59: Missing $ inserted.
<inserted text> 
                $
l.59 \end{frame}
                
I've inserted a begin-math/end-math symbol since I think
you left one out. Proceed, with fingers crossed.

./svmtalk.tex:59: Missing } inserted.
<inserted text> 
                }
l.59 \end{frame}
                
I've inserted something that you may have forgotten.
(See the <inserted text> above.)
With luck, this will get me unwedged. But if you
really didn't forget anything, try typing `2' now; then
my insertion and my current dilemma will both disappear.

./svmtalk.tex:59: Display math should end with $$.
<to be read again> 
                   \@@par 
l.59 \end{frame}
                
The `$' that I just saw supposedly matches a previous `$$'.
So I shall assume that you typed `$$' both times.

./svmtalk.tex:59: Extra }, or forgotten \endgroup.
\par ...m \@noitemerr {\@@par }\fi \else {\@@par }
                                                  \fi 
l.59 \end{frame}
                
I've deleted a group-closing symbol because it seems to be
spurious, as in `$x}$'. But perhaps the } is legitimate and
you forgot something else, as in `\hbox{$x}'. In such cases
the way to recover is to insert both the forgotten and the
deleted material, e.g., by typing `I$}'.

./svmtalk.tex:59: Missing $ inserted.
<inserted text> 
                $
l.59 \end{frame}
                
I've inserted a begin-math/end-math symbol since I think
you left one out. Proceed, with fingers crossed.

./svmtalk.tex:59: Missing $ inserted.
<inserted text> 
                $
l.59 \end{frame}
                
I've inserted something that you may have forgotten.
(See the <inserted text> above.)
With luck, this will get me unwedged. But if you
really didn't forget anything, try typing `2' now; then
my insertion and my current dilemma will both disappear.

[5

]

./svmtalk.tex:75: LaTeX Error: There's no line here to end.

See the LaTeX manual or LaTeX Companion for explanation.
Type  H <return>  for immediate help.
 ...                                              
                                                  
l.75 \end{frame}
                
Your command was ignored.
Type  I <command> <return>  to replace it with another command,
or  <return>  to continue without it.

./svmtalk.tex:75: Missing $ inserted.
<inserted text> 
                $
l.75 \end{frame}
                
I've inserted a begin-math/end-math symbol since I think
you left one out. Proceed, with fingers crossed.

./svmtalk.tex:75: Display math should end with $$.
<to be read again> 
                   \par 
l.75 \end{frame}
                
The `$' that I just saw supposedly matches a previous `$$'.
So I shall assume that you typed `$$' both times.

./svmtalk.tex:75: Missing $ inserted.
<inserted text> 
                $
l.75 \end{frame}
                
I've inserted a begin-math/end-math symbol since I think
you left one out. Proceed, with fingers crossed.


./svmtalk.tex:75: LaTeX Error: There's no line here to end.

See the LaTeX manual or LaTeX Companion for explanation.
Type  H <return>  for immediate help.
 ...                                              
                                                  
l.75 \end{frame}
                
Your command was ignored.
Type  I <command> <return>  to replace it with another command,
or  <return>  to continue without it.

./svmtalk.tex:75: Missing $ inserted.
<inserted text> 
                $
l.75 \end{frame}
                
I've inserted a begin-math/end-math symbol since I think
you left one out. Proceed, with fingers crossed.

./svmtalk.tex:75: Missing $ inserted.
<inserted text> 
                $
l.75 \end{frame}
                
I've inserted a begin-math/end-math symbol since I think
you left one out. Proceed, with fingers crossed.


./svmtalk.tex:75: LaTeX Error: There's no line here to end.

See the LaTeX manual or LaTeX Companion for explanation.
Type  H <return>  for immediate help.
 ...                                              
                                                  
l.75 \end{frame}
                
Your command was ignored.
Type  I <command> <return>  to replace it with another command,
or  <return>  to continue without it.

./svmtalk.tex:75: Missing $ inserted.
<inserted text> 
                $
l.75 \end{frame}
                
I've inserted a begin-math/end-math symbol since I think
you left one out. Proceed, with fingers crossed.

./svmtalk.tex:75: Missing $ inserted.
<inserted text> 
                $
l.75 \end{frame}
                
I've inserted a begin-math/end-math symbol since I think
you left one out. Proceed, with fingers crossed.


./svmtalk.tex:75: LaTeX Error: There's no line here to end.

See the LaTeX manual or LaTeX Companion for explanation.
Type  H <return>  for immediate help.
 ...                                              
                                                  
l.75 \end{frame}
                
Your command was ignored.
Type  I <command> <return>  to replace it with another command,
or  <return>  to continue without it.

./svmtalk.tex:75: Missing $ inserted.
<inserted text> 
                $
l.75 \end{frame}
                
I've inserted a begin-math/end-math symbol since I think
you left one out. Proceed, with fingers crossed.

./svmtalk.tex:75: Missing $ inserted.
<inserted text> 
                $
l.75 \end{frame}
                
I've inserted a begin-math/end-math symbol since I think
you left one out. Proceed, with fingers crossed.

./svmtalk.tex:75: Missing $ inserted.
<inserted text> 
                $
l.75 \end{frame}
                
I've inserted something that you may have forgotten.
(See the <inserted text> above.)
With luck, this will get me unwedged. But if you
really didn't forget anything, try typing `2' now; then
my insertion and my current dilemma will both disappear.

[6

] [7

]

./svmtalk.tex:106: LaTeX Error: There's no line here to end.

See the LaTeX manual or LaTeX Companion for explanation.
Type  H <return>  for immediate help.
 ...                                              
                                                  
l.106 \end{frame}
                 
Your command was ignored.
Type  I <command> <return>  to replace it with another command,
or  <return>  to continue without it.

./svmtalk.tex:106: Missing $ inserted.
<inserted text> 
                $
l.106 \end{frame}
                 
I've inserted a begin-math/end-math symbol since I think
you left one out. Proceed, with fingers crossed.

./svmtalk.tex:106: Missing } inserted.
<inserted text> 
                }
l.106 \end{frame}
                 
I've inserted something that you may have forgotten.
(See the <inserted text> above.)
With luck, this will get me unwedged. But if you
really didn't forget anything, try typing `2' now; then
my insertion and my current dilemma will both disappear.

./svmtalk.tex:106: Display math should end with $$.
<to be read again> 
                   \@@par 
l.106 \end{frame}
                 
The `$' that I just saw supposedly matches a previous `$$'.
So I shall assume that you typed `$$' both times.

./svmtalk.tex:106: Extra }, or forgotten \endgroup.
\par ...m \@noitemerr {\@@par }\fi \else {\@@par }
                                                  \fi 
l.106 \end{frame}
                 
I've deleted a group-closing symbol because it seems to be
spurious, as in `$x}$'. But perhaps the } is legitimate and
you forgot something else, as in `\hbox{$x}'. In such cases
the way to recover is to insert both the forgotten and the
deleted material, e.g., by typing `I$}'.

./svmtalk.tex:106: Missing $ inserted.
<inserted text> 
                $
l.106 \end{frame}
                 
I've inserted a begin-math/end-math symbol since I think
you left one out. Proceed, with fingers crossed.

./svmtalk.tex:106: Missing $ inserted.
<inserted text> 
                $
l.106 \end{frame}
                 
I've inserted something that you may have forgotten.
(See the <inserted text> above.)
With luck, this will get me unwedged. But if you
really didn't forget anything, try typing `2' now; then
my insertion and my current dilemma will both disappear.

[8

] [9

]
./svmtalk.tex:119: Too many }'s.
\endframe ->\egroup 
                    \begingroup \def \@currenvir {frame}
l.119 \end{frame}
                 
You've closed more groups than you opened.
Such booboos are generally harmless, so keep going.


./svmtalk.tex:136: LaTeX Error: Lonely \item--perhaps a missing list environmen
t.

See the LaTeX manual or LaTeX Companion for explanation.
Type  H <return>  for immediate help.
 ...                                              
                                                  
l.136 \end{frame}
                 
Try typing  <return>  to proceed.
If that doesn't work, type  X <return>  to quit.


Underfull \hbox (badness 10000) detected at line 136
[][]
 []


./svmtalk.tex:136: LaTeX Error: Lonely \item--perhaps a missing list environmen
t.

See the LaTeX manual or LaTeX Companion for explanation.
Type  H <return>  for immediate help.
 ...                                              
                                                  
l.136 \end{frame}
                 
Try typing  <return>  to proceed.
If that doesn't work, type  X <return>  to quit.


Underfull \hbox (badness 10000) detected at line 136
[][]
 []


./svmtalk.tex:136: LaTeX Error: Lonely \item--perhaps a missing list environmen
t.

See the LaTeX manual or LaTeX Companion for explanation.
Type  H <return>  for immediate help.
 ...                                              
                                                  
l.136 \end{frame}
                 
Try typing  <return>  to proceed.
If that doesn't work, type  X <return>  to quit.


Underfull \hbox (badness 10000) detected at line 136
[][]
 []


./svmtalk.tex:136: LaTeX Error: Lonely \item--perhaps a missing list environmen
t.

See the LaTeX manual or LaTeX Companion for explanation.
Type  H <return>  for immediate help.
 ...                                              
                                                  
l.136 \end{frame}
                 
Try typing  <return>  to proceed.
If that doesn't work, type  X <return>  to quit.


Underfull \hbox (badness 10000) detected at line 136
[][]
 []


./svmtalk.tex:136: LaTeX Error: Lonely \item--perhaps a missing list environmen
t.

See the LaTeX manual or LaTeX Companion for explanation.
Type  H <return>  for immediate help.
 ...                                              
                                                  
l.136 \end{frame}
                 
Try typing  <return>  to proceed.
If that doesn't work, type  X <return>  to quit.


Underfull \hbox (badness 10000) detected at line 136
[][]
 []

[10

] [11

] <toyex.png, id=168, 770.88pt x 770.88pt>
File: toyex.png Graphic file (type png)
 <use toyex.png> [12

 <./toyex.png>] <linc1.png, id=178, 770.88pt x 770.88pt>
File: linc1.png Graphic file (type png)
 <use linc1.png>
<linc20.png, id=179, 770.88pt x 770.88pt>
File: linc20.png Graphic file (type png)
 <use linc20.png> [13

 <./linc1.png> <./linc20.png>] <raddef.png, id=192, 770.88pt x 770.88pt>
File: raddef.png Graphic file (type png)
 <use raddef.png>
<radbs.png, id=193, 770.88pt x 770.88pt>
File: radbs.png Graphic file (type png)
 <use radbs.png> [14

 <./raddef.png> <./radbs.png>] <polydef.png, id=205, 770.88pt x 770.88pt>
File: polydef.png Graphic file (type png)
 <use polydef.png>
<polyb.png, id=206, 770.88pt x 770.88pt>
File: polyb.png Graphic file (type png)
 <use polyb.png> [15

 <./polydef.png> <./polyb.png>] (./svmtalk.bbl
Missing character: There is no Ã in font cmss8!
Missing character: There is no ¶ in font cmss8!
Missing character: There is no Î in font cmss8!
Missing character: There is no ½ in font cmss8!
) [16

 </usr/local/teTeX/share/texmf.tetex/tex/latex/beamer/beamericonarticle.pdf>]

./svmtalk.tex:269: LaTeX Error: There's no line here to end.

See the LaTeX manual or LaTeX Companion for explanation.
Type  H <return>  for immediate help.
 ...                                              
                                                  
l.269 	\end{frame}
                  
Your command was ignored.
Type  I <command> <return>  to replace it with another command,
or  <return>  to continue without it.

./svmtalk.tex:269: Missing $ inserted.
<inserted text> 
                $
l.269 	\end{frame}
                  
I've inserted a begin-math/end-math symbol since I think
you left one out. Proceed, with fingers crossed.

./svmtalk.tex:269: Display math should end with $$.
<to be read again> 
                   \par 
l.269 	\end{frame}
                  
The `$' that I just saw supposedly matches a previous `$$'.
So I shall assume that you typed `$$' both times.

./svmtalk.tex:269: Missing $ inserted.
<inserted text> 
                $
l.269 	\end{frame}
                  
I've inserted a begin-math/end-math symbol since I think
you left one out. Proceed, with fingers crossed.

./svmtalk.tex:269: Missing $ inserted.
<inserted text> 
                $
l.269 	\end{frame}
                  
I've inserted something that you may have forgotten.
(See the <inserted text> above.)
With luck, this will get me unwedged. But if you
really didn't forget anything, try typing `2' now; then
my insertion and my current dilemma will both disappear.


./svmtalk.tex:269: LaTeX Error: There's no line here to end.

See the LaTeX manual or LaTeX Companion for explanation.
Type  H <return>  for immediate help.
 ...                                              
                                                  
l.269 	\end{frame}
                  
Your command was ignored.
Type  I <command> <return>  to replace it with another command,
or  <return>  to continue without it.

./svmtalk.tex:269: Missing $ inserted.
<inserted text> 
                $
l.269 	\end{frame}
                  
I've inserted a begin-math/end-math symbol since I think
you left one out. Proceed, with fingers crossed.

./svmtalk.tex:269: Display math should end with $$.
<to be read again> 
                   \par 
l.269 	\end{frame}
                  
The `$' that I just saw supposedly matches a previous `$$'.
So I shall assume that you typed `$$' both times.

./svmtalk.tex:269: Missing $ inserted.
<inserted text> 
                $
l.269 	\end{frame}
                  
I've inserted a begin-math/end-math symbol since I think
you left one out. Proceed, with fingers crossed.

./svmtalk.tex:269: Missing $ inserted.
<inserted text> 
                $
l.269 	\end{frame}
                  
I've inserted something that you may have forgotten.
(See the <inserted text> above.)
With luck, this will get me unwedged. But if you
really didn't forget anything, try typing `2' now; then
my insertion and my current dilemma will both disappear.

[17

]
./svmtalk.tex:277: Missing $ inserted.
<inserted text> 
                $
l.277 \end{frame}
                 
I've inserted a begin-math/end-math symbol since I think
you left one out. Proceed, with fingers crossed.

./svmtalk.tex:277: Display math should end with $$.
<to be read again> 
                   \par 
l.277 \end{frame}
                 
The `$' that I just saw supposedly matches a previous `$$'.
So I shall assume that you typed `$$' both times.


./svmtalk.tex:277: LaTeX Error: Bad math environment delimiter.

See the LaTeX manual or LaTeX Companion for explanation.
Type  H <return>  for immediate help.
 ...                                              
                                                  
l.277 \end{frame}
                 
Your command was ignored.
Type  I <command> <return>  to replace it with another command,
or  <return>  to continue without it.

./svmtalk.tex:277: You can't use `\eqno' in internal vertical mode.
\endmathdisplay@a ...\df@tag \@empty \else \veqno 
                                                  \alt@tag \df@tag \fi \ifx ...
l.277 \end{frame}
                 
Sorry, but I'm not programmed to handle this case;
I'll just pretend that you didn't ask for it.
If you're in the wrong mode, you might be able to
return to the right one by typing `I}' or `I$' or `I\par'.

./svmtalk.tex:277: Missing $ inserted.
<inserted text> 
                $
l.277 \end{frame}
                 
I've inserted something that you may have forgotten.
(See the <inserted text> above.)
With luck, this will get me unwedged. But if you
really didn't forget anything, try typing `2' now; then
my insertion and my current dilemma will both disappear.

./svmtalk.tex:277: Display math should end with $$.
<to be read again> 
                   \endgroup 
l.277 \end{frame}
                 
The `$' that I just saw supposedly matches a previous `$$'.
So I shall assume that you typed `$$' both times.

[18

]
\tf@nav=\write6
\openout6 = `svmtalk.nav'.

\tf@toc=\write7
\openout7 = `svmtalk.toc'.

\tf@snm=\write8
\openout8 = `svmtalk.snm'.

 (./svmtalk.aux)

LaTeX Font Warning: Size substitutions with differences
(Font)              up to 1.0pt have occurred.


LaTeX Font Warning: Some font shapes were not available, defaults substituted.

 ) 
Here is how much of TeX's memory you used:
 7525 strings out of 95217
 131727 string characters out of 1184538
 2197835 words of memory out of 4652670
 10405 multiletter control sequences out of 10000+50000
 13288 words of font info for 49 fonts, out of 2000000 for 2000
 58 hyphenation exceptions out of 1000
 41i,15n,50p,258b,550s stack positions out of 5000i,500n,6000p,200000b,40000s
 264 PDF objects out of 300000
 47 named destinations out of 131072
 104 words of extra memory for PDF output out of 65536
</usr/local/teTeX/share/texmf.tetex/fonts/type1/bluesky/cm/cmr6.pfb></usr/loc
al/teTeX/share/texmf.tetex/fonts/type1/bluesky/cm/cmtt8.pfb></usr/local/teTeX/s
hare/texmf.tetex/fonts/type1/bluesky/cm/cmsy9.pfb></usr/local/teTeX/share/texmf
.tetex/fonts/type1/bluesky/cm/cmex10.pfb></usr/local/teTeX/share/texmf.tetex/fo
nts/type1/bluesky/cm/cmmi8.pfb></usr/local/teTeX/share/texmf.tetex/fonts/type1/
bluesky/cm/cmsy8.pfb></usr/local/teTeX/share/texmf.tetex/fonts/type1/bluesky/sy
mbols/msbm10.pfb></usr/local/teTeX/share/texmf.tetex/fonts/type1/bluesky/cm/cms
si8.pfb></usr/local/teTeX/share/texmf.tetex/fonts/type1/bluesky/cm/cmmi10.pfb><
/usr/local/teTeX/share/texmf.tetex/fonts/type1/bluesky/cm/cmsy10.pfb></usr/loca
l/teTeX/share/texmf.tetex/fonts/type1/bluesky/cm/cmssi10.pfb></usr/local/teTeX/
share/texmf.tetex/fonts/type1/bluesky/cm/cmss10.pfb></usr/local/teTeX/share/tex
mf.tetex/fonts/type1/bluesky/cm/cmss12.pfb></usr/local/teTeX/share/texmf.tetex/
fonts/type1/bluesky/cm/cmss8.pfb>
Output written on svmtalk.pdf (18 pages, 172642 bytes).
