\BOOKMARK [0][-]{chapter.1}{Text Data and Regular Expressions}{}% 1
\BOOKMARK [1][-]{section.1.1}{Introduction}{chapter.1}% 2
\BOOKMARK [2][-]{subsection.1.1.1}{Placing data on a map}{section.1.1}% 3
\BOOKMARK [2][-]{subsection.1.1.2}{Spam filtering}{section.1.1}% 4
\BOOKMARK [2][-]{subsection.1.1.3}{Weblogs}{section.1.1}% 5
\BOOKMARK [2][-]{subsection.1.1.4}{Mining the State of the Union addresses}{section.1.1}% 6
\BOOKMARK [1][-]{section.1.2}{Matching literal strings}{chapter.1}% 7
\BOOKMARK [2][-]{subsection.1.2.1}{Fundamental Approach}{section.1.2}% 8
\BOOKMARK [1][-]{section.1.3}{Character Classes}{chapter.1}% 9
\BOOKMARK [2][-]{subsection.1.3.1}{Equivalent Characters}{section.1.3}% 10
\BOOKMARK [2][-]{subsection.1.3.2}{Named Character Classes}{section.1.3}% 11
\BOOKMARK [2][-]{subsection.1.3.3}{Meta Characters}{section.1.3}% 12
\BOOKMARK [1][-]{section.1.4}{Advanced Notions}{chapter.1}% 13
\BOOKMARK [2][-]{subsection.1.4.1}{Grouping and references}{section.1.4}% 14
\BOOKMARK [2][-]{subsection.1.4.2}{Alternation}{section.1.4}% 15
\BOOKMARK [2][-]{subsection.1.4.3}{Number of matches}{section.1.4}% 16
\BOOKMARK [1][-]{section.1.5}{Greedy Matching}{chapter.1}% 17
\BOOKMARK [1][-]{section.1.6}{Summary}{chapter.1}% 18
\BOOKMARK [1][-]{section.1.7}{Exercises}{chapter.1}% 19
\BOOKMARK [1][-]{section.1.8}{Resources}{chapter.1}% 20
\BOOKMARK [1][-]{section.1.9}{Additions}{chapter.1}% 21
